<?xml version="1.0" encoding="UTF-8"?>
<!-- Generated by org.testng.reporters.JUnitReportReporter -->
<testsuite hostname="LAPTOP-I74KHQSU" failures="0" tests="1" name="com.Selenium_ShopperStack_TestScripts.Verify_user_is_able_to_delete_address_or_not_Test" time="15.162" errors="0" timestamp="2024-07-30T09:42:10 IST" skipped="0">
  <testcase classname="com.Selenium_ShopperStack_TestScripts.Verify_user_is_able_to_delete_address_or_not_Test" name="deleteAddress" time="15.162"/>
</testsuite> <!-- com.Selenium_ShopperStack_TestScripts.Verify_user_is_able_to_delete_address_or_not_Test -->
