<?xml version="1.0" encoding="UTF-8"?>
<!-- Generated by org.testng.reporters.JUnitReportReporter -->
<testsuite hostname="LAPTOP-I74KHQSU" failures="0" tests="1" name="com.Selenium_ShopperStack_TestScripts.Verify_user_is_able_to_add_address_or_not" time="13.042" errors="0" timestamp="2024-07-30T09:33:57 IST" skipped="0">
  <testcase classname="com.Selenium_ShopperStack_TestScripts.Verify_user_is_able_to_add_address_or_not" name="addAddress" time="13.042"/>
</testsuite> <!-- com.Selenium_ShopperStack_TestScripts.Verify_user_is_able_to_add_address_or_not -->
