<?xml version="1.0" encoding="UTF-8"?>
<!-- Generated by org.testng.reporters.JUnitReportReporter -->
<testsuite hostname="LAPTOP-I74KHQSU" failures="0" tests="1" name="com.Selenium_ShopperStack_TestScripts.Verify_user_is_able_to_delete_address_or_not_Test" time="12.803" errors="0" timestamp="2024-08-02T12:39:05 IST" skipped="0">
  <testcase classname="com.Selenium_ShopperStack_TestScripts.Verify_user_is_able_to_delete_address_or_not_Test" name="deleteAddress" time="12.803"/>
</testsuite> <!-- com.Selenium_ShopperStack_TestScripts.Verify_user_is_able_to_delete_address_or_not_Test -->
